<?xml version="1.0" encoding="utf-8"?>
<CoverageSession xmlns:xsd="http://www.w3.org/2001/XMLSchema" xmlns:xsi="http://www.w3.org/2001/XMLSchema-instance" Version="0.0.0.0">
  <Summary numSequencePoints="118" visitedSequencePoints="94" numBranchPoints="0" visitedBranchPoints="0" sequenceCoverage="79.66" branchCoverage="0.0" maxCyclomaticComplexity="0" minCyclomaticComplexity="0" maxCrapScore="0" minCrapScore="0" visitedClasses="7" numClasses="7" visitedMethods="21" numMethods="21" />
  <Modules>
    <Module>
      <Summary numSequencePoints="17" visitedSequencePoints="17" numBranchPoints="0" visitedBranchPoints="0" sequenceCoverage="100.0" branchCoverage="0.0" maxCyclomaticComplexity="0" minCyclomaticComplexity="0" maxCrapScore="0" minCrapScore="0" visitedClasses="2" numClasses="2" visitedMethods="3" numMethods="3" />
      <ModuleTime>0001-01-01T00:00:00</ModuleTime>
      <ModuleName>Tests</ModuleName>
      <Files>
        <File uid="1" fullPath="C:/Projects/Crashteroids_C00270031_C00250866/starter/Assets/Tests/TestSuite.cs" />
      </Files>
      <Classes>
        <Class>
          <Summary numSequencePoints="7" visitedSequencePoints="7" numBranchPoints="0" visitedBranchPoints="0" sequenceCoverage="100.0" branchCoverage="0.0" maxCyclomaticComplexity="0" minCyclomaticComplexity="0" maxCrapScore="0" minCrapScore="0" visitedClasses="1" numClasses="1" visitedMethods="2" numMethods="2" />
          <FullName>TestSuite</FullName>
          <Methods>
            <Method visited="true" cyclomaticComplexity="0" nPathComplexity="0" sequenceCoverage="100.0" branchCoverage="0" crapScore="0" isConstructor="false" isStatic="false" isGetter="false" isSetter="false">
              <Summary numSequencePoints="4" visitedSequencePoints="4" numBranchPoints="0" visitedBranchPoints="0" sequenceCoverage="100.0" branchCoverage="0" maxCyclomaticComplexity="0" minCyclomaticComplexity="0" maxCrapScore="0" minCrapScore="0" visitedClasses="0" numClasses="0" visitedMethods="1" numMethods="1" />
              <MetadataToken>100663297</MetadataToken>
              <Name>System.Void TestSuite::Setup()</Name>
              <FileRef uid="1" />
              <SequencePoints>
                <SequencePoint vc="1" uspid="316" ordinal="0" offset="0" sl="16" sc="5" el="16" ec="5" bec="0" bev="0" fileid="1" />
                <SequencePoint vc="1" uspid="317" ordinal="0" offset="1" sl="17" sc="9" el="17" ec="9" bec="0" bev="0" fileid="1" />
                <SequencePoint vc="1" uspid="318" ordinal="0" offset="17" sl="19" sc="9" el="19" ec="9" bec="0" bev="0" fileid="1" />
                <SequencePoint vc="1" uspid="319" ordinal="0" offset="29" sl="23" sc="5" el="23" ec="5" bec="0" bev="0" fileid="1" />
              </SequencePoints>
              <BranchPoints />
            </Method>
            <Method visited="true" cyclomaticComplexity="0" nPathComplexity="0" sequenceCoverage="100.0" branchCoverage="0" crapScore="0" isConstructor="false" isStatic="false" isGetter="false" isSetter="false">
              <Summary numSequencePoints="3" visitedSequencePoints="3" numBranchPoints="0" visitedBranchPoints="0" sequenceCoverage="100.0" branchCoverage="0" maxCyclomaticComplexity="0" minCyclomaticComplexity="0" maxCrapScore="0" minCrapScore="0" visitedClasses="0" numClasses="0" visitedMethods="1" numMethods="1" />
              <MetadataToken>100663298</MetadataToken>
              <Name>System.Void TestSuite::TearDown()</Name>
              <FileRef uid="1" />
              <SequencePoints>
                <SequencePoint vc="1" uspid="320" ordinal="0" offset="0" sl="27" sc="5" el="27" ec="5" bec="0" bev="0" fileid="1" />
                <SequencePoint vc="1" uspid="321" ordinal="0" offset="1" sl="28" sc="9" el="28" ec="9" bec="0" bev="0" fileid="1" />
                <SequencePoint vc="1" uspid="322" ordinal="0" offset="18" sl="29" sc="5" el="29" ec="5" bec="0" bev="0" fileid="1" />
              </SequencePoints>
              <BranchPoints />
            </Method>
          </Methods>
        </Class>
        <Class>
          <Summary numSequencePoints="10" visitedSequencePoints="10" numBranchPoints="0" visitedBranchPoints="0" sequenceCoverage="100.0" branchCoverage="0.0" maxCyclomaticComplexity="0" minCyclomaticComplexity="0" maxCrapScore="0" minCrapScore="0" visitedClasses="1" numClasses="1" visitedMethods="1" numMethods="1" />
          <FullName>TestSuite/&lt;SmallAsteroidMovement&gt;d__15</FullName>
          <Methods>
            <Method visited="true" cyclomaticComplexity="0" nPathComplexity="0" sequenceCoverage="100.0" branchCoverage="0" crapScore="0" isConstructor="false" isStatic="false" isGetter="false" isSetter="false">
              <Summary numSequencePoints="10" visitedSequencePoints="10" numBranchPoints="0" visitedBranchPoints="0" sequenceCoverage="100.0" branchCoverage="0" maxCyclomaticComplexity="0" minCyclomaticComplexity="0" maxCrapScore="0" minCrapScore="0" visitedClasses="0" numClasses="0" visitedMethods="1" numMethods="1" />
              <MetadataToken>100663371</MetadataToken>
              <Name>System.Boolean TestSuite/&lt;SmallAsteroidMovement&gt;d__15::MoveNext()</Name>
              <FileRef uid="1" />
              <SequencePoints>
                <SequencePoint vc="1" uspid="410" ordinal="0" offset="34" sl="201" sc="5" el="201" ec="5" bec="0" bev="0" fileid="1" />
                <SequencePoint vc="1" uspid="411" ordinal="0" offset="35" sl="202" sc="9" el="202" ec="9" bec="0" bev="0" fileid="1" />
                <SequencePoint vc="1" uspid="412" ordinal="0" offset="62" sl="203" sc="9" el="203" ec="9" bec="0" bev="0" fileid="1" />
                <SequencePoint vc="1" uspid="413" ordinal="0" offset="89" sl="205" sc="9" el="205" ec="9" bec="0" bev="0" fileid="1" />
                <SequencePoint vc="1" uspid="414" ordinal="0" offset="111" sl="206" sc="9" el="206" ec="9" bec="0" bev="0" fileid="1" />
                <SequencePoint vc="1" uspid="415" ordinal="0" offset="133" sl="208" sc="9" el="208" ec="9" bec="0" bev="0" fileid="1" />
                <SequencePoint vc="1" uspid="416" ordinal="0" offset="165" sl="210" sc="9" el="210" ec="9" bec="0" bev="0" fileid="1" />
                <SequencePoint vc="1" uspid="417" ordinal="0" offset="181" sl="212" sc="9" el="212" ec="9" bec="0" bev="0" fileid="1" />
                <SequencePoint vc="1" uspid="418" ordinal="0" offset="218" sl="213" sc="9" el="213" ec="9" bec="0" bev="0" fileid="1" />
                <SequencePoint vc="1" uspid="419" ordinal="0" offset="245" sl="216" sc="5" el="216" ec="5" bec="0" bev="0" fileid="1" />
              </SequencePoints>
              <BranchPoints />
            </Method>
          </Methods>
        </Class>
      </Classes>
    </Module>
    <Module>
      <Summary numSequencePoints="101" visitedSequencePoints="77" numBranchPoints="0" visitedBranchPoints="0" sequenceCoverage="76.24" branchCoverage="0.0" maxCyclomaticComplexity="0" minCyclomaticComplexity="0" maxCrapScore="0" minCrapScore="0" visitedClasses="5" numClasses="5" visitedMethods="18" numMethods="18" />
      <ModuleTime>0001-01-01T00:00:00</ModuleTime>
      <ModuleName>GameAssembly</ModuleName>
      <Files>
        <File uid="2" fullPath="C:/Projects/Crashteroids_C00270031_C00250866/starter/Assets/Scripts/Asteroid.cs" />
        <File uid="3" fullPath="C:/Projects/Crashteroids_C00270031_C00250866/starter/Assets/Scripts/Game.cs" />
        <File uid="4" fullPath="C:/Projects/Crashteroids_C00270031_C00250866/starter/Assets/Scripts/Laser.cs" />
        <File uid="5" fullPath="C:/Projects/Crashteroids_C00270031_C00250866/starter/Assets/Scripts/Ship.cs" />
        <File uid="6" fullPath="C:/Projects/Crashteroids_C00270031_C00250866/starter/Assets/Scripts/Spawner.cs" />
      </Files>
      <Classes>
        <Class>
          <Summary numSequencePoints="12" visitedSequencePoints="8" numBranchPoints="0" visitedBranchPoints="0" sequenceCoverage="66.67" branchCoverage="0.0" maxCyclomaticComplexity="0" minCyclomaticComplexity="0" maxCrapScore="0" minCrapScore="0" visitedClasses="1" numClasses="1" visitedMethods="3" numMethods="3" />
          <FullName>Asteroid</FullName>
          <Methods>
            <Method visited="true" cyclomaticComplexity="0" nPathComplexity="0" sequenceCoverage="100.0" branchCoverage="0" crapScore="0" isConstructor="false" isStatic="false" isGetter="false" isSetter="false">
              <Summary numSequencePoints="3" visitedSequencePoints="3" numBranchPoints="0" visitedBranchPoints="0" sequenceCoverage="100.0" branchCoverage="0" maxCyclomaticComplexity="0" minCyclomaticComplexity="0" maxCrapScore="0" minCrapScore="0" visitedClasses="0" numClasses="0" visitedMethods="1" numMethods="1" />
              <MetadataToken>100663299</MetadataToken>
              <Name>System.Void Asteroid::OnDestroy()</Name>
              <FileRef uid="2" />
              <SequencePoints>
                <SequencePoint vc="1" uspid="445" ordinal="0" offset="0" sl="54" sc="5" el="54" ec="5" bec="0" bev="0" fileid="2" />
                <SequencePoint vc="1" uspid="446" ordinal="0" offset="1" sl="55" sc="9" el="55" ec="9" bec="0" bev="0" fileid="2" />
                <SequencePoint vc="1" uspid="447" ordinal="0" offset="35" sl="56" sc="5" el="56" ec="5" bec="0" bev="0" fileid="2" />
              </SequencePoints>
              <BranchPoints />
            </Method>
            <Method visited="true" cyclomaticComplexity="0" nPathComplexity="0" sequenceCoverage="42.86" branchCoverage="0" crapScore="0" isConstructor="false" isStatic="false" isGetter="false" isSetter="false">
              <Summary numSequencePoints="7" visitedSequencePoints="3" numBranchPoints="0" visitedBranchPoints="0" sequenceCoverage="42.86" branchCoverage="0" maxCyclomaticComplexity="0" minCyclomaticComplexity="0" maxCrapScore="0" minCrapScore="0" visitedClasses="0" numClasses="0" visitedMethods="1" numMethods="1" />
              <MetadataToken>100663300</MetadataToken>
              <Name>System.Void Asteroid::OnCollisionEnter(UnityEngine.Collision)</Name>
              <FileRef uid="2" />
              <SequencePoints>
                <SequencePoint vc="1" uspid="448" ordinal="0" offset="0" sl="59" sc="5" el="59" ec="5" bec="0" bev="0" fileid="2" />
                <SequencePoint vc="1" uspid="449" ordinal="0" offset="1" sl="60" sc="9" el="60" ec="9" bec="0" bev="0" fileid="2" />
                <SequencePoint vc="0" uspid="450" ordinal="0" offset="26" sl="61" sc="9" el="61" ec="9" bec="0" bev="0" fileid="2" />
                <SequencePoint vc="0" uspid="451" ordinal="0" offset="27" sl="62" sc="13" el="62" ec="13" bec="0" bev="0" fileid="2" />
                <SequencePoint vc="0" uspid="452" ordinal="0" offset="33" sl="63" sc="13" el="63" ec="13" bec="0" bev="0" fileid="2" />
                <SequencePoint vc="0" uspid="453" ordinal="0" offset="45" sl="64" sc="9" el="64" ec="9" bec="0" bev="0" fileid="2" />
                <SequencePoint vc="1" uspid="454" ordinal="0" offset="46" sl="65" sc="5" el="65" ec="5" bec="0" bev="0" fileid="2" />
              </SequencePoints>
              <BranchPoints />
            </Method>
            <Method visited="true" cyclomaticComplexity="0" nPathComplexity="0" sequenceCoverage="100.0" branchCoverage="0" crapScore="0" isConstructor="true" isStatic="false" isGetter="false" isSetter="false">
              <Summary numSequencePoints="2" visitedSequencePoints="2" numBranchPoints="0" visitedBranchPoints="0" sequenceCoverage="100.0" branchCoverage="0" maxCyclomaticComplexity="0" minCyclomaticComplexity="0" maxCrapScore="0" minCrapScore="0" visitedClasses="0" numClasses="0" visitedMethods="1" numMethods="1" />
              <MetadataToken>100663301</MetadataToken>
              <Name>Asteroid::Asteroid()</Name>
              <FileRef uid="2" />
              <SequencePoints>
                <SequencePoint vc="1" uspid="455" ordinal="0" offset="0" sl="35" sc="5" el="35" ec="5" bec="0" bev="0" fileid="2" />
                <SequencePoint vc="1" uspid="456" ordinal="0" offset="11" sl="36" sc="5" el="36" ec="5" bec="0" bev="0" fileid="2" />
              </SequencePoints>
              <BranchPoints />
            </Method>
          </Methods>
        </Class>
        <Class>
          <Summary numSequencePoints="19" visitedSequencePoints="19" numBranchPoints="0" visitedBranchPoints="0" sequenceCoverage="100.0" branchCoverage="0.0" maxCyclomaticComplexity="0" minCyclomaticComplexity="0" maxCrapScore="0" minCrapScore="0" visitedClasses="1" numClasses="1" visitedMethods="5" numMethods="5" />
          <FullName>Game</FullName>
          <Methods>
            <Method visited="true" cyclomaticComplexity="0" nPathComplexity="0" sequenceCoverage="100.0" branchCoverage="0" crapScore="0" isConstructor="false" isStatic="false" isGetter="false" isSetter="false">
              <Summary numSequencePoints="7" visitedSequencePoints="7" numBranchPoints="0" visitedBranchPoints="0" sequenceCoverage="100.0" branchCoverage="0" maxCyclomaticComplexity="0" minCyclomaticComplexity="0" maxCrapScore="0" minCrapScore="0" visitedClasses="0" numClasses="0" visitedMethods="1" numMethods="1" />
              <MetadataToken>100663302</MetadataToken>
              <Name>System.Void Game::Start()</Name>
              <FileRef uid="3" />
              <SequencePoints>
                <SequencePoint vc="1" uspid="457" ordinal="0" offset="0" sl="49" sc="5" el="49" ec="5" bec="0" bev="0" fileid="3" />
                <SequencePoint vc="1" uspid="458" ordinal="0" offset="1" sl="50" sc="9" el="50" ec="9" bec="0" bev="0" fileid="3" />
                <SequencePoint vc="1" uspid="459" ordinal="0" offset="7" sl="51" sc="9" el="51" ec="9" bec="0" bev="0" fileid="3" />
                <SequencePoint vc="1" uspid="460" ordinal="0" offset="20" sl="52" sc="9" el="52" ec="9" bec="0" bev="0" fileid="3" />
                <SequencePoint vc="1" uspid="461" ordinal="0" offset="33" sl="53" sc="9" el="53" ec="9" bec="0" bev="0" fileid="3" />
                <SequencePoint vc="1" uspid="462" ordinal="0" offset="46" sl="54" sc="9" el="54" ec="9" bec="0" bev="0" fileid="3" />
                <SequencePoint vc="1" uspid="463" ordinal="0" offset="59" sl="55" sc="5" el="55" ec="5" bec="0" bev="0" fileid="3" />
              </SequencePoints>
              <BranchPoints />
            </Method>
            <Method visited="true" cyclomaticComplexity="0" nPathComplexity="0" sequenceCoverage="100.0" branchCoverage="0" crapScore="0" isConstructor="false" isStatic="true" isGetter="false" isSetter="false">
              <Summary numSequencePoints="4" visitedSequencePoints="4" numBranchPoints="0" visitedBranchPoints="0" sequenceCoverage="100.0" branchCoverage="0" maxCyclomaticComplexity="0" minCyclomaticComplexity="0" maxCrapScore="0" minCrapScore="0" visitedClasses="0" numClasses="0" visitedMethods="1" numMethods="1" />
              <MetadataToken>100663305</MetadataToken>
              <Name>static System.Void Game::AsteroidDestroyed()</Name>
              <FileRef uid="3" />
              <SequencePoints>
                <SequencePoint vc="1" uspid="485" ordinal="0" offset="0" sl="83" sc="5" el="83" ec="5" bec="0" bev="0" fileid="3" />
                <SequencePoint vc="1" uspid="486" ordinal="0" offset="1" sl="84" sc="9" el="84" ec="9" bec="0" bev="0" fileid="3" />
                <SequencePoint vc="1" uspid="487" ordinal="0" offset="19" sl="85" sc="9" el="85" ec="9" bec="0" bev="0" fileid="3" />
                <SequencePoint vc="1" uspid="488" ordinal="0" offset="60" sl="86" sc="5" el="86" ec="5" bec="0" bev="0" fileid="3" />
              </SequencePoints>
              <BranchPoints />
            </Method>
            <Method visited="true" cyclomaticComplexity="0" nPathComplexity="0" sequenceCoverage="100.0" branchCoverage="0" crapScore="0" isConstructor="false" isStatic="false" isGetter="false" isSetter="false">
              <Summary numSequencePoints="3" visitedSequencePoints="3" numBranchPoints="0" visitedBranchPoints="0" sequenceCoverage="100.0" branchCoverage="0" maxCyclomaticComplexity="0" minCyclomaticComplexity="0" maxCrapScore="0" minCrapScore="0" visitedClasses="0" numClasses="0" visitedMethods="1" numMethods="1" />
              <MetadataToken>100663306</MetadataToken>
              <Name>Ship Game::GetShip()</Name>
              <FileRef uid="3" />
              <SequencePoints>
                <SequencePoint vc="1" uspid="489" ordinal="0" offset="0" sl="89" sc="5" el="89" ec="5" bec="0" bev="0" fileid="3" />
                <SequencePoint vc="1" uspid="490" ordinal="0" offset="1" sl="90" sc="9" el="90" ec="9" bec="0" bev="0" fileid="3" />
                <SequencePoint vc="1" uspid="491" ordinal="0" offset="15" sl="91" sc="5" el="91" ec="5" bec="0" bev="0" fileid="3" />
              </SequencePoints>
              <BranchPoints />
            </Method>
            <Method visited="true" cyclomaticComplexity="0" nPathComplexity="0" sequenceCoverage="100.0" branchCoverage="0" crapScore="0" isConstructor="false" isStatic="false" isGetter="false" isSetter="false">
              <Summary numSequencePoints="3" visitedSequencePoints="3" numBranchPoints="0" visitedBranchPoints="0" sequenceCoverage="100.0" branchCoverage="0" maxCyclomaticComplexity="0" minCyclomaticComplexity="0" maxCrapScore="0" minCrapScore="0" visitedClasses="0" numClasses="0" visitedMethods="1" numMethods="1" />
              <MetadataToken>100663307</MetadataToken>
              <Name>Spawner Game::GetSpawner()</Name>
              <FileRef uid="3" />
              <SequencePoints>
                <SequencePoint vc="1" uspid="492" ordinal="0" offset="0" sl="94" sc="5" el="94" ec="5" bec="0" bev="0" fileid="3" />
                <SequencePoint vc="1" uspid="493" ordinal="0" offset="1" sl="95" sc="9" el="95" ec="9" bec="0" bev="0" fileid="3" />
                <SequencePoint vc="1" uspid="494" ordinal="0" offset="15" sl="96" sc="5" el="96" ec="5" bec="0" bev="0" fileid="3" />
              </SequencePoints>
              <BranchPoints />
            </Method>
            <Method visited="true" cyclomaticComplexity="0" nPathComplexity="0" sequenceCoverage="100.0" branchCoverage="0" crapScore="0" isConstructor="true" isStatic="false" isGetter="false" isSetter="false">
              <Summary numSequencePoints="2" visitedSequencePoints="2" numBranchPoints="0" visitedBranchPoints="0" sequenceCoverage="100.0" branchCoverage="0" maxCyclomaticComplexity="0" minCyclomaticComplexity="0" maxCrapScore="0" minCrapScore="0" visitedClasses="0" numClasses="0" visitedMethods="1" numMethods="1" />
              <MetadataToken>100663308</MetadataToken>
              <Name>Game::Game()</Name>
              <FileRef uid="3" />
              <SequencePoints>
                <SequencePoint vc="2" uspid="495" ordinal="0" offset="0" sl="36" sc="5" el="36" ec="5" bec="0" bev="0" fileid="3" />
                <SequencePoint vc="2" uspid="496" ordinal="0" offset="7" sl="37" sc="5" el="37" ec="5" bec="0" bev="0" fileid="3" />
              </SequencePoints>
              <BranchPoints />
            </Method>
          </Methods>
        </Class>
        <Class>
          <Summary numSequencePoints="9" visitedSequencePoints="9" numBranchPoints="0" visitedBranchPoints="0" sequenceCoverage="100.0" branchCoverage="0.0" maxCyclomaticComplexity="0" minCyclomaticComplexity="0" maxCrapScore="0" minCrapScore="0" visitedClasses="1" numClasses="1" visitedMethods="1" numMethods="1" />
          <FullName>Laser</FullName>
          <Methods>
            <Method visited="true" cyclomaticComplexity="0" nPathComplexity="0" sequenceCoverage="100.0" branchCoverage="0" crapScore="0" isConstructor="false" isStatic="false" isGetter="false" isSetter="false">
              <Summary numSequencePoints="9" visitedSequencePoints="9" numBranchPoints="0" visitedBranchPoints="0" sequenceCoverage="100.0" branchCoverage="0" maxCyclomaticComplexity="0" minCyclomaticComplexity="0" maxCrapScore="0" minCrapScore="0" visitedClasses="0" numClasses="0" visitedMethods="1" numMethods="1" />
              <MetadataToken>100663310</MetadataToken>
              <Name>System.Void Laser::OnCollisionEnter(UnityEngine.Collision)</Name>
              <FileRef uid="4" />
              <SequencePoints>
                <SequencePoint vc="1" uspid="504" ordinal="0" offset="0" sl="47" sc="5" el="47" ec="5" bec="0" bev="0" fileid="4" />
                <SequencePoint vc="1" uspid="505" ordinal="0" offset="1" sl="48" sc="9" el="48" ec="9" bec="0" bev="0" fileid="4" />
                <SequencePoint vc="1" uspid="506" ordinal="0" offset="22" sl="49" sc="9" el="49" ec="9" bec="0" bev="0" fileid="4" />
                <SequencePoint vc="1" uspid="507" ordinal="0" offset="23" sl="50" sc="13" el="50" ec="13" bec="0" bev="0" fileid="4" />
                <SequencePoint vc="1" uspid="508" ordinal="0" offset="29" sl="51" sc="13" el="51" ec="13" bec="0" bev="0" fileid="4" />
                <SequencePoint vc="1" uspid="509" ordinal="0" offset="41" sl="52" sc="13" el="52" ec="13" bec="0" bev="0" fileid="4" />
                <SequencePoint vc="1" uspid="510" ordinal="0" offset="64" sl="54" sc="13" el="54" ec="13" bec="0" bev="0" fileid="4" />
                <SequencePoint vc="1" uspid="511" ordinal="0" offset="76" sl="55" sc="9" el="55" ec="9" bec="0" bev="0" fileid="4" />
                <SequencePoint vc="1" uspid="512" ordinal="0" offset="77" sl="56" sc="5" el="56" ec="5" bec="0" bev="0" fileid="4" />
              </SequencePoints>
              <BranchPoints />
            </Method>
          </Methods>
        </Class>
        <Class>
          <Summary numSequencePoints="30" visitedSequencePoints="18" numBranchPoints="0" visitedBranchPoints="0" sequenceCoverage="60.00" branchCoverage="0.0" maxCyclomaticComplexity="0" minCyclomaticComplexity="0" maxCrapScore="0" minCrapScore="0" visitedClasses="1" numClasses="1" visitedMethods="4" numMethods="4" />
          <FullName>Ship</FullName>
          <Methods>
            <Method visited="true" cyclomaticComplexity="0" nPathComplexity="0" sequenceCoverage="100.0" branchCoverage="0" crapScore="0" isConstructor="false" isStatic="false" isGetter="false" isSetter="false">
              <Summary numSequencePoints="3" visitedSequencePoints="3" numBranchPoints="0" visitedBranchPoints="0" sequenceCoverage="100.0" branchCoverage="0" maxCyclomaticComplexity="0" minCyclomaticComplexity="0" maxCrapScore="0" minCrapScore="0" visitedClasses="0" numClasses="0" visitedMethods="1" numMethods="1" />
              <MetadataToken>100663312</MetadataToken>
              <Name>System.Void Ship::Awake()</Name>
              <FileRef uid="5" />
              <SequencePoints>
                <SequencePoint vc="1" uspid="513" ordinal="0" offset="0" sl="50" sc="5" el="50" ec="5" bec="0" bev="0" fileid="5" />
                <SequencePoint vc="1" uspid="514" ordinal="0" offset="1" sl="51" sc="9" el="51" ec="9" bec="0" bev="0" fileid="5" />
                <SequencePoint vc="1" uspid="515" ordinal="0" offset="13" sl="52" sc="5" el="52" ec="5" bec="0" bev="0" fileid="5" />
              </SequencePoints>
              <BranchPoints />
            </Method>
            <Method visited="true" cyclomaticComplexity="0" nPathComplexity="0" sequenceCoverage="29.41" branchCoverage="0" crapScore="0" isConstructor="false" isStatic="false" isGetter="false" isSetter="false">
              <Summary numSequencePoints="17" visitedSequencePoints="5" numBranchPoints="0" visitedBranchPoints="0" sequenceCoverage="29.41" branchCoverage="0" maxCyclomaticComplexity="0" minCyclomaticComplexity="0" maxCrapScore="0" minCrapScore="0" visitedClasses="0" numClasses="0" visitedMethods="1" numMethods="1" />
              <MetadataToken>100663313</MetadataToken>
              <Name>System.Void Ship::Update()</Name>
              <FileRef uid="5" />
              <SequencePoints>
                <SequencePoint vc="43" uspid="516" ordinal="0" offset="0" sl="55" sc="5" el="55" ec="5" bec="0" bev="0" fileid="5" />
                <SequencePoint vc="43" uspid="517" ordinal="0" offset="1" sl="56" sc="9" el="56" ec="9" bec="0" bev="0" fileid="5" />
                <SequencePoint vc="43" uspid="518" ordinal="0" offset="11" sl="57" sc="9" el="57" ec="9" bec="0" bev="0" fileid="5" />
                <SequencePoint vc="43" uspid="519" ordinal="0" offset="12" sl="58" sc="13" el="58" ec="13" bec="0" bev="0" fileid="5" />
                <SequencePoint vc="0" uspid="520" ordinal="0" offset="14" sl="61" sc="9" el="61" ec="9" bec="0" bev="0" fileid="5" />
                <SequencePoint vc="0" uspid="521" ordinal="0" offset="36" sl="62" sc="9" el="62" ec="9" bec="0" bev="0" fileid="5" />
                <SequencePoint vc="0" uspid="522" ordinal="0" offset="37" sl="63" sc="13" el="63" ec="13" bec="0" bev="0" fileid="5" />
                <SequencePoint vc="0" uspid="523" ordinal="0" offset="44" sl="64" sc="9" el="64" ec="9" bec="0" bev="0" fileid="5" />
                <SequencePoint vc="0" uspid="524" ordinal="0" offset="45" sl="66" sc="9" el="66" ec="9" bec="0" bev="0" fileid="5" />
                <SequencePoint vc="0" uspid="525" ordinal="0" offset="59" sl="67" sc="9" el="67" ec="9" bec="0" bev="0" fileid="5" />
                <SequencePoint vc="0" uspid="526" ordinal="0" offset="60" sl="68" sc="13" el="68" ec="13" bec="0" bev="0" fileid="5" />
                <SequencePoint vc="0" uspid="527" ordinal="0" offset="67" sl="69" sc="9" el="69" ec="9" bec="0" bev="0" fileid="5" />
                <SequencePoint vc="0" uspid="528" ordinal="0" offset="68" sl="71" sc="9" el="71" ec="9" bec="0" bev="0" fileid="5" />
                <SequencePoint vc="0" uspid="529" ordinal="0" offset="82" sl="72" sc="9" el="72" ec="9" bec="0" bev="0" fileid="5" />
                <SequencePoint vc="0" uspid="530" ordinal="0" offset="83" sl="73" sc="13" el="73" ec="13" bec="0" bev="0" fileid="5" />
                <SequencePoint vc="0" uspid="531" ordinal="0" offset="90" sl="74" sc="9" el="74" ec="9" bec="0" bev="0" fileid="5" />
                <SequencePoint vc="43" uspid="532" ordinal="0" offset="91" sl="75" sc="5" el="75" ec="5" bec="0" bev="0" fileid="5" />
              </SequencePoints>
              <BranchPoints />
            </Method>
            <Method visited="true" cyclomaticComplexity="0" nPathComplexity="0" sequenceCoverage="100.0" branchCoverage="0" crapScore="0" isConstructor="false" isStatic="false" isGetter="false" isSetter="false">
              <Summary numSequencePoints="5" visitedSequencePoints="5" numBranchPoints="0" visitedBranchPoints="0" sequenceCoverage="100.0" branchCoverage="0" maxCyclomaticComplexity="0" minCyclomaticComplexity="0" maxCrapScore="0" minCrapScore="0" visitedClasses="0" numClasses="0" visitedMethods="1" numMethods="1" />
              <MetadataToken>100663316</MetadataToken>
              <Name>UnityEngine.GameObject Ship::SpawnLaser()</Name>
              <FileRef uid="5" />
              <SequencePoints>
                <SequencePoint vc="1" uspid="536" ordinal="0" offset="0" sl="93" sc="5" el="93" ec="5" bec="0" bev="0" fileid="5" />
                <SequencePoint vc="1" uspid="537" ordinal="0" offset="1" sl="94" sc="9" el="94" ec="9" bec="0" bev="0" fileid="5" />
                <SequencePoint vc="1" uspid="538" ordinal="0" offset="13" sl="95" sc="9" el="95" ec="9" bec="0" bev="0" fileid="5" />
                <SequencePoint vc="1" uspid="539" ordinal="0" offset="21" sl="96" sc="9" el="96" ec="9" bec="0" bev="0" fileid="5" />
                <SequencePoint vc="1" uspid="540" ordinal="0" offset="25" sl="97" sc="5" el="97" ec="5" bec="0" bev="0" fileid="5" />
              </SequencePoints>
              <BranchPoints />
            </Method>
            <Method visited="true" cyclomaticComplexity="0" nPathComplexity="0" sequenceCoverage="100.0" branchCoverage="0" crapScore="0" isConstructor="true" isStatic="false" isGetter="false" isSetter="false">
              <Summary numSequencePoints="5" visitedSequencePoints="5" numBranchPoints="0" visitedBranchPoints="0" sequenceCoverage="100.0" branchCoverage="0" maxCyclomaticComplexity="0" minCyclomaticComplexity="0" maxCrapScore="0" minCrapScore="0" visitedClasses="0" numClasses="0" visitedMethods="1" numMethods="1" />
              <MetadataToken>100663321</MetadataToken>
              <Name>Ship::Ship()</Name>
              <FileRef uid="5" />
              <SequencePoints>
                <SequencePoint vc="2" uspid="565" ordinal="0" offset="0" sl="36" sc="5" el="36" ec="5" bec="0" bev="0" fileid="5" />
                <SequencePoint vc="2" uspid="566" ordinal="0" offset="7" sl="37" sc="5" el="37" ec="5" bec="0" bev="0" fileid="5" />
                <SequencePoint vc="2" uspid="567" ordinal="0" offset="18" sl="38" sc="5" el="38" ec="5" bec="0" bev="0" fileid="5" />
                <SequencePoint vc="2" uspid="568" ordinal="0" offset="25" sl="46" sc="5" el="46" ec="5" bec="0" bev="0" fileid="5" />
                <SequencePoint vc="2" uspid="569" ordinal="0" offset="36" sl="47" sc="5" el="47" ec="5" bec="0" bev="0" fileid="5" />
              </SequencePoints>
              <BranchPoints />
            </Method>
          </Methods>
        </Class>
        <Class>
          <Summary numSequencePoints="31" visitedSequencePoints="23" numBranchPoints="0" visitedBranchPoints="0" sequenceCoverage="74.19" branchCoverage="0.0" maxCyclomaticComplexity="0" minCyclomaticComplexity="0" maxCrapScore="0" minCrapScore="0" visitedClasses="1" numClasses="1" visitedMethods="5" numMethods="5" />
          <FullName>Spawner</FullName>
          <Methods>
            <Method visited="true" cyclomaticComplexity="0" nPathComplexity="0" sequenceCoverage="100.0" branchCoverage="0" crapScore="0" isConstructor="false" isStatic="false" isGetter="false" isSetter="false">
              <Summary numSequencePoints="6" visitedSequencePoints="6" numBranchPoints="0" visitedBranchPoints="0" sequenceCoverage="100.0" branchCoverage="0" maxCyclomaticComplexity="0" minCyclomaticComplexity="0" maxCrapScore="0" minCrapScore="0" visitedClasses="0" numClasses="0" visitedMethods="1" numMethods="1" />
              <MetadataToken>100663322</MetadataToken>
              <Name>System.Void Spawner::Awake()</Name>
              <FileRef uid="6" />
              <SequencePoints>
                <SequencePoint vc="1" uspid="570" ordinal="0" offset="0" sl="52" sc="5" el="52" ec="5" bec="0" bev="0" fileid="6" />
                <SequencePoint vc="1" uspid="571" ordinal="0" offset="1" sl="53" sc="9" el="53" ec="9" bec="0" bev="0" fileid="6" />
                <SequencePoint vc="1" uspid="572" ordinal="0" offset="57" sl="55" sc="9" el="55" ec="9" bec="0" bev="0" fileid="6" />
                <SequencePoint vc="1" uspid="573" ordinal="0" offset="74" sl="56" sc="9" el="56" ec="9" bec="0" bev="0" fileid="6" />
                <SequencePoint vc="1" uspid="574" ordinal="0" offset="86" sl="57" sc="9" el="57" ec="9" bec="0" bev="0" fileid="6" />
                <SequencePoint vc="1" uspid="575" ordinal="0" offset="98" sl="58" sc="5" el="58" ec="5" bec="0" bev="0" fileid="6" />
              </SequencePoints>
              <BranchPoints />
            </Method>
            <Method visited="true" cyclomaticComplexity="0" nPathComplexity="0" sequenceCoverage="52.94" branchCoverage="0" crapScore="0" isConstructor="false" isStatic="false" isGetter="false" isSetter="false">
              <Summary numSequencePoints="17" visitedSequencePoints="9" numBranchPoints="0" visitedBranchPoints="0" sequenceCoverage="52.94" branchCoverage="0" maxCyclomaticComplexity="0" minCyclomaticComplexity="0" maxCrapScore="0" minCrapScore="0" visitedClasses="0" numClasses="0" visitedMethods="1" numMethods="1" />
              <MetadataToken>100663326</MetadataToken>
              <Name>UnityEngine.GameObject Spawner::SpawnAsteroid()</Name>
              <FileRef uid="6" />
              <SequencePoints>
                <SequencePoint vc="1" uspid="586" ordinal="0" offset="0" sl="86" sc="5" el="86" ec="5" bec="0" bev="0" fileid="6" />
                <SequencePoint vc="1" uspid="587" ordinal="0" offset="1" sl="87" sc="9" el="87" ec="9" bec="0" bev="0" fileid="6" />
                <SequencePoint vc="1" uspid="588" ordinal="0" offset="9" sl="89" sc="9" el="89" ec="9" bec="0" bev="0" fileid="6" />
                <SequencePoint vc="0" uspid="589" ordinal="0" offset="39" sl="92" sc="17" el="92" ec="17" bec="0" bev="0" fileid="6" />
                <SequencePoint vc="0" uspid="590" ordinal="0" offset="51" sl="93" sc="17" el="93" ec="17" bec="0" bev="0" fileid="6" />
                <SequencePoint vc="0" uspid="591" ordinal="0" offset="53" sl="95" sc="17" el="95" ec="17" bec="0" bev="0" fileid="6" />
                <SequencePoint vc="0" uspid="592" ordinal="0" offset="65" sl="96" sc="17" el="96" ec="17" bec="0" bev="0" fileid="6" />
                <SequencePoint vc="0" uspid="593" ordinal="0" offset="67" sl="98" sc="17" el="98" ec="17" bec="0" bev="0" fileid="6" />
                <SequencePoint vc="0" uspid="594" ordinal="0" offset="79" sl="99" sc="17" el="99" ec="17" bec="0" bev="0" fileid="6" />
                <SequencePoint vc="1" uspid="595" ordinal="0" offset="81" sl="101" sc="17" el="101" ec="17" bec="0" bev="0" fileid="6" />
                <SequencePoint vc="1" uspid="596" ordinal="0" offset="93" sl="102" sc="17" el="102" ec="17" bec="0" bev="0" fileid="6" />
                <SequencePoint vc="0" uspid="597" ordinal="0" offset="95" sl="104" sc="17" el="104" ec="17" bec="0" bev="0" fileid="6" />
                <SequencePoint vc="0" uspid="598" ordinal="0" offset="107" sl="105" sc="17" el="105" ec="17" bec="0" bev="0" fileid="6" />
                <SequencePoint vc="1" uspid="599" ordinal="0" offset="109" sl="107" sc="9" el="107" ec="9" bec="0" bev="0" fileid="6" />
                <SequencePoint vc="1" uspid="600" ordinal="0" offset="117" sl="108" sc="9" el="108" ec="9" bec="0" bev="0" fileid="6" />
                <SequencePoint vc="1" uspid="601" ordinal="0" offset="125" sl="109" sc="9" el="109" ec="9" bec="0" bev="0" fileid="6" />
                <SequencePoint vc="1" uspid="602" ordinal="0" offset="130" sl="110" sc="5" el="110" ec="5" bec="0" bev="0" fileid="6" />
              </SequencePoints>
              <BranchPoints />
            </Method>
            <Method visited="true" cyclomaticComplexity="0" nPathComplexity="0" sequenceCoverage="100.0" branchCoverage="0" crapScore="0" isConstructor="false" isStatic="false" isGetter="false" isSetter="false">
              <Summary numSequencePoints="4" visitedSequencePoints="4" numBranchPoints="0" visitedBranchPoints="0" sequenceCoverage="100.0" branchCoverage="0" maxCyclomaticComplexity="0" minCyclomaticComplexity="0" maxCrapScore="0" minCrapScore="0" visitedClasses="0" numClasses="0" visitedMethods="1" numMethods="1" />
              <MetadataToken>100663327</MetadataToken>
              <Name>System.Void Spawner::SetPosition(UnityEngine.GameObject)</Name>
              <FileRef uid="6" />
              <SequencePoints>
                <SequencePoint vc="1" uspid="603" ordinal="0" offset="0" sl="113" sc="5" el="113" ec="5" bec="0" bev="0" fileid="6" />
                <SequencePoint vc="1" uspid="604" ordinal="0" offset="1" sl="114" sc="9" el="114" ec="9" bec="0" bev="0" fileid="6" />
                <SequencePoint vc="1" uspid="605" ordinal="0" offset="17" sl="117" sc="9" el="117" ec="9" bec="0" bev="0" fileid="6" />
                <SequencePoint vc="1" uspid="606" ordinal="0" offset="57" sl="118" sc="5" el="118" ec="5" bec="0" bev="0" fileid="6" />
              </SequencePoints>
              <BranchPoints />
            </Method>
            <Method visited="true" cyclomaticComplexity="0" nPathComplexity="0" sequenceCoverage="100.0" branchCoverage="0" crapScore="0" isConstructor="false" isStatic="false" isGetter="false" isSetter="false">
              <Summary numSequencePoints="3" visitedSequencePoints="3" numBranchPoints="0" visitedBranchPoints="0" sequenceCoverage="100.0" branchCoverage="0" maxCyclomaticComplexity="0" minCyclomaticComplexity="0" maxCrapScore="0" minCrapScore="0" visitedClasses="0" numClasses="0" visitedMethods="1" numMethods="1" />
              <MetadataToken>100663328</MetadataToken>
              <Name>System.Void Spawner::PlayExplosion()</Name>
              <FileRef uid="6" />
              <SequencePoints>
                <SequencePoint vc="1" uspid="607" ordinal="0" offset="0" sl="121" sc="5" el="121" ec="5" bec="0" bev="0" fileid="6" />
                <SequencePoint vc="1" uspid="608" ordinal="0" offset="1" sl="122" sc="9" el="122" ec="9" bec="0" bev="0" fileid="6" />
                <SequencePoint vc="1" uspid="609" ordinal="0" offset="24" sl="123" sc="5" el="123" ec="5" bec="0" bev="0" fileid="6" />
              </SequencePoints>
              <BranchPoints />
            </Method>
            <Method visited="true" cyclomaticComplexity="0" nPathComplexity="0" sequenceCoverage="100.0" branchCoverage="0" crapScore="0" isConstructor="false" isStatic="false" isGetter="false" isSetter="false">
              <Summary numSequencePoints="1" visitedSequencePoints="1" numBranchPoints="0" visitedBranchPoints="0" sequenceCoverage="100.0" branchCoverage="0" maxCyclomaticComplexity="0" minCyclomaticComplexity="0" maxCrapScore="0" minCrapScore="0" visitedClasses="0" numClasses="0" visitedMethods="1" numMethods="1" />
              <MetadataToken>100663332</MetadataToken>
              <Name>System.Void Spawner::&lt;Awake&gt;b__9_0(UnityEngine.GameObject)</Name>
              <FileRef uid="6" />
              <SequencePoints>
                <SequencePoint vc="1" uspid="616" ordinal="0" offset="0" sl="54" sc="26" el="54" ec="26" bec="0" bev="0" fileid="6" />
              </SequencePoints>
              <BranchPoints />
            </Method>
          </Methods>
        </Class>
      </Classes>
    </Module>
  </Modules>
</CoverageSession>